  main.cpp
D:\Asteroid UET\Asteroid UET\main.cpp(205,35): warning C4244: '=': conversion from 'int' to 'float', possible loss of data
D:\Asteroid UET\Asteroid UET\main.cpp(206,63): warning C4305: '*=': truncation from 'double' to 'float'
D:\Asteroid UET\Asteroid UET\main.cpp(208,30): warning C4244: '=': conversion from 'int' to 'float', possible loss of data
D:\Asteroid UET\Asteroid UET\main.cpp(293,5): warning C4267: 'initializing': conversion from 'size_t' to 'int', possible loss of data
D:\Asteroid UET\Asteroid UET\main.cpp(342,33): warning C4244: '=': conversion from 'float' to 'int', possible loss of data
D:\Asteroid UET\Asteroid UET\main.cpp(343,33): warning C4244: '=': conversion from 'float' to 'int', possible loss of data
D:\Asteroid UET\Asteroid UET\main.cpp(345,25): warning C4305: '-=': truncation from 'double' to 'float'
D:\Asteroid UET\Asteroid UET\main.cpp(345,54): warning C4244: '=': conversion from 'float' to 'int', possible loss of data
D:\Asteroid UET\Asteroid UET\main.cpp(350,63): warning C4244: 'argument': conversion from 'float' to 'int', possible loss of data
D:\Asteroid UET\Asteroid UET\main.cpp(350,44): warning C4244: 'argument': conversion from 'float' to 'int', possible loss of data
D:\Asteroid UET\Asteroid UET\main.cpp(373,35): warning C4244: '=': conversion from 'int' to 'float', possible loss of data
D:\Asteroid UET\Asteroid UET\main.cpp(375,34): warning C4244: '=': conversion from 'float' to 'int', possible loss of data
D:\Asteroid UET\Asteroid UET\main.cpp(376,34): warning C4244: '=': conversion from 'float' to 'int', possible loss of data
D:\Asteroid UET\Asteroid UET\main.cpp(382,38): warning C4244: '=': conversion from 'float' to 'int', possible loss of data
D:\Asteroid UET\Asteroid UET\main.cpp(383,38): warning C4244: '=': conversion from 'float' to 'int', possible loss of data
D:\Asteroid UET\Asteroid UET\main.cpp(398,34): warning C4244: '=': conversion from 'double' to 'float', possible loss of data
D:\Asteroid UET\Asteroid UET\main.cpp(399,37): warning C4244: '=': conversion from 'float' to 'int', possible loss of data
D:\Asteroid UET\Asteroid UET\main.cpp(400,37): warning C4244: '=': conversion from 'float' to 'int', possible loss of data
D:\Asteroid UET\Asteroid UET\main.cpp(405,63): warning C4244: 'argument': conversion from 'float' to 'int', possible loss of data
D:\Asteroid UET\Asteroid UET\main.cpp(405,44): warning C4244: 'argument': conversion from 'float' to 'int', possible loss of data
D:\Asteroid UET\Asteroid UET\main.cpp(422,33): warning C4244: '=': conversion from 'float' to 'int', possible loss of data
D:\Asteroid UET\Asteroid UET\main.cpp(423,33): warning C4244: '=': conversion from 'float' to 'int', possible loss of data
D:\Asteroid UET\Asteroid UET\main.cpp(452,29): warning C4244: '=': conversion from 'float' to 'int', possible loss of data
D:\Asteroid UET\Asteroid UET\main.cpp(453,29): warning C4244: '=': conversion from 'float' to 'int', possible loss of data
D:\Asteroid UET\Asteroid UET\main.cpp(465,36): warning C4244: '=': conversion from 'int' to 'float', possible loss of data
D:\Asteroid UET\Asteroid UET\main.cpp(508,43): warning C4244: '+=': conversion from 'double' to 'float', possible loss of data
D:\Asteroid UET\Asteroid UET\main.cpp(509,43): warning C4244: '+=': conversion from 'double' to 'float', possible loss of data
D:\Asteroid UET\Asteroid UET\main.cpp(515,38): warning C4244: '=': conversion from 'float' to 'int', possible loss of data
D:\Asteroid UET\Asteroid UET\main.cpp(516,38): warning C4244: '=': conversion from 'float' to 'int', possible loss of data
D:\Asteroid UET\Asteroid UET\main.cpp(521,64): warning C4244: 'argument': conversion from 'float' to 'int', possible loss of data
D:\Asteroid UET\Asteroid UET\main.cpp(521,45): warning C4244: 'argument': conversion from 'float' to 'int', possible loss of data
  Asteroid UET.vcxproj -> D:\Asteroid UET\x64\Debug\Asteroid UET.exe
